*** Starting uWSGI 2.0.15 (64bit) on [Thu Sep 21 17:49:08 2017] ***
compiled with version: 5.4.0 20160609 on 21 September 2017 17:43:25
os: Linux-4.4.0-31-generic #50-Ubuntu SMP Wed Jul 13 00:07:12 UTC 2016
nodename: ubuntu
machine: x86_64
clock source: unix
pcre jit disabled
detected number of CPU cores: 2
current working directory: /home/python/Desktop/django/bill/wojia
writing pidfile to uwsgi.pid
detected binary path: /home/python/.virtualenvs/myvir_py3/bin/uwsgi
chdir() to /home/python/Desktop/django/bill/wojia
your processes number limit is 15581
your memory page size is 4096 bytes
detected max file descriptor number: 1024
lock engine: pthread robust mutexes
thunder lock: disabled (you can enable it with --thunder-lock)
uWSGI http bound on 127.0.0.1:8080 fd 4
uwsgi socket 0 bound to TCP address 127.0.0.1:43348 (port auto-assigned) fd 3
Python version: 3.5.2 (default, Nov 17 2016, 17:05:23)  [GCC 5.4.0 20160609]
Python main interpreter initialized at 0x23cbf80
python threads support enabled
your server socket listen backlog is limited to 100 connections
your mercy for graceful operations on workers is 60 seconds
mapped 415360 bytes (405 KB) for 8 cores
*** Operational MODE: preforking+threaded ***
WSGI app 0 (mountpoint='') ready in 0 seconds on interpreter 0x23cbf80 pid: 5940 (default app)
*** uWSGI is running in multiple interpreter mode ***
spawned uWSGI master process (pid: 5940)
spawned uWSGI worker 1 (pid: 5942, cores: 2)
spawned uWSGI worker 2 (pid: 5943, cores: 2)
spawned uWSGI worker 3 (pid: 5945, cores: 2)
spawned uWSGI worker 4 (pid: 5946, cores: 2)
spawned uWSGI http 1 (pid: 5948)
[pid: 5943|app: 0|req: 1/1] 127.0.0.1 () {38 vars in 727 bytes} [Thu Sep 21 17:49:58 2017] GET / => generated 2882 bytes in 59 msecs (HTTP/1.1 404) 2 headers in 80 bytes (1 switches on core 0)
[pid: 5943|app: 0|req: 2/2] 127.0.0.1 () {38 vars in 681 bytes} [Thu Sep 21 17:49:59 2017] GET /favicon.ico => generated 2915 bytes in 5 msecs (HTTP/1.1 404) 2 headers in 80 bytes (1 switches on core 1)
[pid: 5946|app: 0|req: 1/3] 127.0.0.1 () {38 vars in 737 bytes} [Thu Sep 21 17:51:28 2017] GET /index => generated 0 bytes in 20 msecs (HTTP/1.1 301) 3 headers in 143 bytes (1 switches on core 0)
[pid: 5942|app: 0|req: 1/4] 127.0.0.1 () {38 vars in 739 bytes} [Thu Sep 21 17:51:28 2017] GET /index/ => generated 7203 bytes in 130 msecs (HTTP/1.1 200) 4 headers in 224 bytes (1 switches on core 0)
[pid: 5943|app: 0|req: 4/5] 127.0.0.1 () {38 vars in 718 bytes} [Thu Sep 21 17:51:28 2017] GET /static/css/main.css => generated 2939 bytes in 18 msecs (HTTP/1.1 404) 2 headers in 80 bytes (1 switches on core 0)
[pid: 5943|app: 0|req: 4/6] 127.0.0.1 () {38 vars in 766 bytes} [Thu Sep 21 17:51:28 2017] GET /static/css/bootstrap-datetimepicker.min.css => generated 3011 bytes in 6 msecs (HTTP/1.1 404) 2 headers in 80 bytes (1 switches on core 1)
[pid: 5946|app: 0|req: 2/7] 127.0.0.1 () {38 vars in 736 bytes} [Thu Sep 21 17:51:28 2017] GET /static/css/bootstrap.min.css => generated 2966 bytes in 35 msecs (HTTP/1.1 404) 2 headers in 80 bytes (1 switches on core 1)
[pid: 5942|app: 0|req: 2/8] 127.0.0.1 () {38 vars in 725 bytes} [Thu Sep 21 17:51:28 2017] GET /static/js/jquery-1.12.4.min.js => generated 2972 bytes in 36 msecs (HTTP/1.1 404) 2 headers in 80 bytes (1 switches on core 1)
[pid: 5946|app: 0|req: 3/9] 127.0.0.1 () {38 vars in 699 bytes} [Thu Sep 21 17:51:28 2017] GET /static/js/main.js => generated 2933 bytes in 7 msecs (HTTP/1.1 404) 2 headers in 80 bytes (1 switches on core 0)
[pid: 5945|app: 0|req: 2/10] 127.0.0.1 () {38 vars in 739 bytes} [Thu Sep 21 17:51:28 2017] GET /static/js/bootstrap-datetimepicker.js => generated 2993 bytes in 99 msecs (HTTP/1.1 404) 2 headers in 80 bytes (1 switches on core 0)
[pid: 5945|app: 0|req: 2/11] 127.0.0.1 () {38 vars in 751 bytes} [Thu Sep 21 17:51:28 2017] GET /static/js/bootstrap-datetimepicker.zh-CN.js => generated 3011 bytes in 98 msecs (HTTP/1.1 404) 2 headers in 80 bytes (1 switches on core 1)
[pid: 5946|app: 0|req: 4/12] 127.0.0.1 () {40 vars in 770 bytes} [Thu Sep 21 17:51:34 2017] GET /index/ => generated 7203 bytes in 28 msecs (HTTP/1.1 200) 4 headers in 224 bytes (1 switches on core 1)
[pid: 5946|app: 0|req: 5/13] 127.0.0.1 () {40 vars in 749 bytes} [Thu Sep 21 17:51:34 2017] GET /static/css/main.css => generated 2939 bytes in 3 msecs (HTTP/1.1 404) 2 headers in 80 bytes (1 switches on core 0)
[pid: 5946|app: 0|req: 6/14] 127.0.0.1 () {40 vars in 782 bytes} [Thu Sep 21 17:51:34 2017] GET /static/js/bootstrap-datetimepicker.zh-CN.js => generated 3011 bytes in 5 msecs (HTTP/1.1 404) 2 headers in 80 bytes (1 switches on core 1)
[pid: 5945|app: 0|req: 3/16] 127.0.0.1 () {40 vars in 730 bytes} [Thu Sep 21 17:51:34 2017] GET /static/js/main.js => generated 2933 bytes in 2 msecs (HTTP/1.1 404) 2 headers in 80 bytes (1 switches on core 0)
[pid: 5943|app: 0|req: 6/16] 127.0.0.1 () {40 vars in 770 bytes} [Thu Sep 21 17:51:34 2017] GET /static/js/bootstrap-datetimepicker.js => generated 2993 bytes in 15 msecs (HTTP/1.1 404) 2 headers in 80 bytes (1 switches on core 0)
[pid: 5943|app: 0|req: 6/17] 127.0.0.1 () {40 vars in 797 bytes} [Thu Sep 21 17:51:34 2017] GET /static/css/bootstrap-datetimepicker.min.css => generated 3011 bytes in 14 msecs (HTTP/1.1 404) 2 headers in 80 bytes (1 switches on core 1)
[pid: 5942|app: 0|req: 4/18] 127.0.0.1 () {40 vars in 767 bytes} [Thu Sep 21 17:51:34 2017] GET /static/css/bootstrap.min.css => generated 2966 bytes in 22 msecs (HTTP/1.1 404) 2 headers in 80 bytes (1 switches on core 0)
[pid: 5942|app: 0|req: 4/19] 127.0.0.1 () {40 vars in 756 bytes} [Thu Sep 21 17:51:34 2017] GET /static/js/jquery-1.12.4.min.js => generated 2972 bytes in 22 msecs (HTTP/1.1 404) 2 headers in 80 bytes (1 switches on core 1)
SIGINT/SIGQUIT received...killing workers...
gateway "uWSGI http 1" has been buried (pid: 5948)
worker 1 buried after 1 seconds
worker 2 buried after 1 seconds
worker 3 buried after 1 seconds
worker 4 buried after 1 seconds
goodbye to uWSGI.
*** Starting uWSGI 2.0.15 (64bit) on [Thu Sep 21 17:53:04 2017] ***
compiled with version: 5.4.0 20160609 on 21 September 2017 17:43:25
os: Linux-4.4.0-31-generic #50-Ubuntu SMP Wed Jul 13 00:07:12 UTC 2016
nodename: ubuntu
machine: x86_64
clock source: unix
pcre jit disabled
detected number of CPU cores: 2
current working directory: /home/python/Desktop/django/bill/wojia
writing pidfile to uwsgi.pid
detected binary path: /home/python/.virtualenvs/myvir_py3/bin/uwsgi
chdir() to /home/python/Desktop/django/bill/wojia
your processes number limit is 15581
your memory page size is 4096 bytes
detected max file descriptor number: 1024
lock engine: pthread robust mutexes
thunder lock: disabled (you can enable it with --thunder-lock)
uwsgi socket 0 bound to TCP address 127.0.0.1:8080 fd 3
Python version: 3.5.2 (default, Nov 17 2016, 17:05:23)  [GCC 5.4.0 20160609]
Python main interpreter initialized at 0x196be90
python threads support enabled
your server socket listen backlog is limited to 100 connections
your mercy for graceful operations on workers is 60 seconds
mapped 415360 bytes (405 KB) for 8 cores
*** Operational MODE: preforking+threaded ***
WSGI app 0 (mountpoint='') ready in 1 seconds on interpreter 0x196be90 pid: 6019 (default app)
*** uWSGI is running in multiple interpreter mode ***
spawned uWSGI master process (pid: 6019)
spawned uWSGI worker 1 (pid: 6021, cores: 2)
spawned uWSGI worker 2 (pid: 6022, cores: 2)
spawned uWSGI worker 3 (pid: 6024, cores: 2)
spawned uWSGI worker 4 (pid: 6026, cores: 2)
invalid request block size: 21573 (max 4096)...skip
invalid request block size: 21573 (max 4096)...skip
invalid request block size: 21573 (max 4096)...skip
invalid request block size: 21573 (max 4096)...skip
invalid request block size: 21573 (max 4096)...skip
invalid request block size: 21573 (max 4096)...skip
invalid request block size: 21573 (max 4096)...skip
invalid request block size: 21573 (max 4096)...skip
invalid request block size: 21573 (max 4096)...skip
invalid request block size: 21573 (max 4096)...skip
invalid request block size: 21573 (max 4096)...skip
invalid request block size: 21573 (max 4096)...skip
invalid request block size: 21573 (max 4096)...skip
invalid request block size: 21573 (max 4096)...skip
invalid request block size: 21573 (max 4096)...skip
invalid request block size: 21573 (max 4096)...skip
invalid request block size: 21573 (max 4096)...skip
invalid request block size: 21573 (max 4096)...skip
invalid request block size: 21573 (max 4096)...skip
invalid request block size: 21573 (max 4096)...skip
invalid request block size: 21573 (max 4096)...skip
invalid request block size: 21573 (max 4096)...skip
invalid request block size: 21573 (max 4096)...skip
invalid request block size: 21573 (max 4096)...skip
invalid request block size: 21573 (max 4096)...skip
invalid request block size: 21573 (max 4096)...skip
Gracefully killing worker 2 (pid: 6022)...
Gracefully killing worker 3 (pid: 6024)...
Gracefully killing worker 1 (pid: 6021)...
...brutally killing workers...
worker 1 buried after 1 seconds
worker 2 buried after 1 seconds
worker 3 buried after 1 seconds
worker 4 buried after 1 seconds
binary reloading uWSGI...
chdir() to /home/python/Desktop/django/bill/wojia
closing all non-uwsgi socket fds > 2 (max_fd = 1024)...
found fd 3 mapped to socket 0 (127.0.0.1:8080)
running /home/python/.virtualenvs/myvir_py3/bin/uwsgi
[uWSGI] getting INI configuration from uwsgi.ini
*** Starting uWSGI 2.0.15 (64bit) on [Thu Sep 21 18:32:20 2017] ***
compiled with version: 5.4.0 20160609 on 21 September 2017 17:43:25
os: Linux-4.4.0-31-generic #50-Ubuntu SMP Wed Jul 13 00:07:12 UTC 2016
nodename: ubuntu
machine: x86_64
clock source: unix
pcre jit disabled
detected number of CPU cores: 2
current working directory: /home/python/Desktop/django/bill/wojia
detected binary path: /home/python/.virtualenvs/myvir_py3/bin/uwsgi
chdir() to /home/python/Desktop/django/bill/wojia
your processes number limit is 15581
your memory page size is 4096 bytes
detected max file descriptor number: 1024
lock engine: pthread robust mutexes
thunder lock: disabled (you can enable it with --thunder-lock)
uwsgi socket 0 inherited INET address 127.0.0.1:8080 fd 3
Python version: 3.5.2 (default, Nov 17 2016, 17:05:23)  [GCC 5.4.0 20160609]
Python main interpreter initialized at 0x2416840
python threads support enabled
your server socket listen backlog is limited to 100 connections
your mercy for graceful operations on workers is 60 seconds
mapped 415360 bytes (405 KB) for 8 cores
*** Operational MODE: preforking+threaded ***
WSGI app 0 (mountpoint='') ready in 1 seconds on interpreter 0x2416840 pid: 6019 (default app)
*** uWSGI is running in multiple interpreter mode ***
gracefully (RE)spawned uWSGI master process (pid: 6019)
spawned uWSGI worker 1 (pid: 6873, cores: 2)
spawned uWSGI worker 2 (pid: 6874, cores: 2)
spawned uWSGI worker 3 (pid: 6875, cores: 2)
spawned uWSGI worker 4 (pid: 6877, cores: 2)
